# JRE version: Java(TM) SE Runtime Environment (21.0.2+13) (build 21.0.2+13-LTS-58)
# Java VM: Java HotSpot(TM) 64-Bit Server VM (21.0.2+13-LTS-58, mixed mode, sharing, tiered, compressed oops, compressed class ptrs, g1 gc, windows-amd64)
GC Precious Log:
 CardTable entry size: 512
 Card Set container configuration: InlinePtr #cards 4 size 8 Array Of Cards #cards 32 size 80 Howl #buckets 8 coarsen threshold 7372 Howl Bitmap #cards 1024 size 144 coarsen threshold 921 Card regions per heap region 1 cards per card region 8192
 CPUs: 16 total, 16 available
 Memory: 32687M
 Large Page Support: Disabled
 NUMA Support: Disabled
 Compressed Oops: Enabled (Zero based)
 Heap Region Size: 4M
 Heap Min Capacity: 8M
 Heap Initial Capacity: 512M
 Heap Max Capacity: 8172M
 Pre-touch: Disabled
 Parallel Workers: 13
 Concurrent Workers: 3
 Concurrent Refinement Workers: 13
 Periodic GC: Disabled
Heap:
 garbage-first heap   total 2236416K, used 647168K [0x0000000601400000, 0x0000000800000000)
  region size 4096K, 11 young (45056K), 5 survivors (20480K)
 Metaspace       used 15915K, committed 16256K, reserved 1114112K
  class space    used 1824K, committed 1984K, reserved 1048576K
GC Heap History (20 events):
Event: 7.187 GC heap before
{Heap before GC invocations=2 (full 0):
 garbage-first heap   total 524288K, used 72526K [0x0000000601400000, 0x0000000800000000)
  region size 4096K, 11 young (45056K), 1 survivors (4096K)
 Metaspace       used 15156K, committed 15424K, reserved 1114112K
  class space    used 1778K, committed 1920K, reserved 1048576K
}
Event: 7.195 GC heap after
{Heap after GC invocations=3 (full 0):
 garbage-first heap   total 524288K, used 73728K [0x0000000601400000, 0x0000000800000000)
  region size 4096K, 2 young (8192K), 2 survivors (8192K)
 Metaspace       used 15156K, committed 15424K, reserved 1114112K
  class space    used 1778K, committed 1920K, reserved 1048576K
}
Event: 7.228 GC heap before
{Heap before GC invocations=3 (full 0):
 garbage-first heap   total 524288K, used 102400K [0x0000000601400000, 0x0000000800000000)
  region size 4096K, 9 young (36864K), 2 survivors (8192K)
 Metaspace       used 15201K, committed 15488K, reserved 1114112K
  class space    used 1782K, committed 1920K, reserved 1048576K
}
Event: 7.234 GC heap after
{Heap after GC invocations=4 (full 0):
 garbage-first heap   total 524288K, used 98148K [0x0000000601400000, 0x0000000800000000)
  region size 4096K, 2 young (8192K), 2 survivors (8192K)
 Metaspace       used 15201K, committed 15488K, reserved 1114112K
  class space    used 1782K, committed 1920K, reserved 1048576K
}
Event: 7.261 GC heap before
{Heap before GC invocations=4 (full 0):
 garbage-first heap   total 524288K, used 126820K [0x0000000601400000, 0x0000000800000000)
  region size 4096K, 9 young (36864K), 2 survivors (8192K)
 Metaspace       used 15204K, committed 15488K, reserved 1114112K
  class space    used 1782K, committed 1920K, reserved 1048576K
}
Event: 7.266 GC heap after
{Heap after GC invocations=5 (full 0):
 garbage-first heap   total 524288K, used 112563K [0x0000000601400000, 0x0000000800000000)
  region size 4096K, 2 young (8192K), 2 survivors (8192K)
 Metaspace       used 15204K, committed 15488K, reserved 1114112K
  class space    used 1782K, committed 1920K, reserved 1048576K
}
Event: 7.343 GC heap before
{Heap before GC invocations=5 (full 0):
 garbage-first heap   total 524288K, used 161715K [0x0000000601400000, 0x0000000800000000)
  region size 4096K, 14 young (57344K), 2 survivors (8192K)
 Metaspace       used 15266K, committed 15552K, reserved 1114112K
  class space    used 1784K, committed 1920K, reserved 1048576K
}
Event: 7.352 GC heap after
{Heap after GC invocations=6 (full 0):
 garbage-first heap   total 524288K, used 144551K [0x0000000601400000, 0x0000000800000000)
  region size 4096K, 2 young (8192K), 2 survivors (8192K)
 Metaspace       used 15266K, committed 15552K, reserved 1114112K
  class space    used 1784K, committed 1920K, reserved 1048576K
}
Event: 7.453 GC heap before
{Heap before GC invocations=6 (full 0):
 garbage-first heap   total 524288K, used 185511K [0x0000000601400000, 0x0000000800000000)
  region size 4096K, 12 young (49152K), 2 survivors (8192K)
 Metaspace       used 15267K, committed 15552K, reserved 1114112K
  class space    used 1784K, committed 1920K, reserved 1048576K
}
Event: 7.466 GC heap after
{Heap after GC invocations=7 (full 0):
 garbage-first heap   total 1118208K, used 188416K [0x0000000601400000, 0x0000000800000000)
  region size 4096K, 2 young (8192K), 2 survivors (8192K)
 Metaspace       used 15267K, committed 15552K, reserved 1114112K
  class space    used 1784K, committed 1920K, reserved 1048576K
}
Event: 7.554 GC heap before
{Heap before GC invocations=7 (full 0):
 garbage-first heap   total 1118208K, used 233472K [0x0000000601400000, 0x0000000800000000)
  region size 4096K, 13 young (53248K), 2 survivors (8192K)
 Metaspace       used 15267K, committed 15552K, reserved 1114112K
  class space    used 1784K, committed 1920K, reserved 1048576K
}
Event: 7.568 GC heap after
{Heap after GC invocations=8 (full 0):
 garbage-first heap   total 1118208K, used 237346K [0x0000000601400000, 0x0000000800000000)
  region size 4096K, 2 young (8192K), 2 survivors (8192K)
 Metaspace       used 15267K, committed 15552K, reserved 1114112K
  class space    used 1784K, committed 1920K, reserved 1048576K
}
Event: 7.660 GC heap before
{Heap before GC invocations=8 (full 0):
 garbage-first heap   total 1118208K, used 286498K [0x0000000601400000, 0x0000000800000000)
  region size 4096K, 14 young (57344K), 2 survivors (8192K)
 Metaspace       used 15269K, committed 15552K, reserved 1114112K
  class space    used 1784K, committed 1920K, reserved 1048576K
}
Event: 7.675 GC heap after
{Heap after GC invocations=9 (full 0):
 garbage-first heap   total 1118208K, used 290816K [0x0000000601400000, 0x0000000800000000)
  region size 4096K, 2 young (8192K), 2 survivors (8192K)
 Metaspace       used 15269K, committed 15552K, reserved 1114112K
  class space    used 1784K, committed 1920K, reserved 1048576K
}
Event: 7.797 GC heap before
{Heap before GC invocations=9 (full 0):
 garbage-first heap   total 1118208K, used 356352K [0x0000000601400000, 0x0000000800000000)
  region size 4096K, 18 young (73728K), 2 survivors (8192K)
 Metaspace       used 15281K, committed 15552K, reserved 1114112K
  class space    used 1784K, committed 1920K, reserved 1048576K
}
Event: 7.817 GC heap after
{Heap after GC invocations=10 (full 0):
 garbage-first heap   total 1118208K, used 360448K [0x0000000601400000, 0x0000000800000000)
  region size 4096K, 3 young (12288K), 3 survivors (12288K)
 Metaspace       used 15281K, committed 15552K, reserved 1114112K
  class space    used 1784K, committed 1920K, reserved 1048576K
}
Event: 7.955 GC heap before
{Heap before GC invocations=10 (full 0):
 garbage-first heap   total 1118208K, used 425984K [0x0000000601400000, 0x0000000800000000)
  region size 4096K, 19 young (77824K), 3 survivors (12288K)
 Metaspace       used 15297K, committed 15552K, reserved 1114112K
  class space    used 1787K, committed 1920K, reserved 1048576K
}
Event: 7.981 GC heap after
{Heap after GC invocations=11 (full 0):
 garbage-first heap   total 2236416K, used 427761K [0x0000000601400000, 0x0000000800000000)
  region size 4096K, 3 young (12288K), 3 survivors (12288K)
 Metaspace       used 15297K, committed 15552K, reserved 1114112K
  class space    used 1787K, committed 1920K, reserved 1048576K
}
Event: 29.622 GC heap before
{Heap before GC invocations=11 (full 0):
 garbage-first heap   total 2236416K, used 661233K [0x0000000601400000, 0x0000000800000000)
  region size 4096K, 34 young (139264K), 3 survivors (12288K)
 Metaspace       used 15898K, committed 16192K, reserved 1114112K
  class space    used 1824K, committed 1984K, reserved 1048576K
}
Event: 29.638 GC heap after
{Heap after GC invocations=12 (full 0):
 garbage-first heap   total 2236416K, used 577536K [0x0000000601400000, 0x0000000800000000)
  region size 4096K, 5 young (20480K), 5 survivors (20480K)
 Metaspace       used 15898K, committed 16192K, reserved 1114112K
  class space    used 1824K, committed 1984K, reserved 1048576K
}

